mode: set
github.com/darkside1809/bookings/internal/handlers/handlers.go:24.47,28.2 1 1
github.com/darkside1809/bookings/internal/handlers/handlers.go:31.33,33.2 1 1
github.com/darkside1809/bookings/internal/handlers/handlers.go:36.67,40.2 3 1
github.com/darkside1809/bookings/internal/handlers/handlers.go:43.68,53.2 5 1
github.com/darkside1809/bookings/internal/handlers/handlers.go:55.74,63.2 4 1
github.com/darkside1809/bookings/internal/handlers/handlers.go:65.78,67.16 2 1
github.com/darkside1809/bookings/internal/handlers/handlers.go:72.2,85.19 6 1
github.com/darkside1809/bookings/internal/handlers/handlers.go:96.2,97.66 2 1
github.com/darkside1809/bookings/internal/handlers/handlers.go:67.16,70.3 2 0
github.com/darkside1809/bookings/internal/handlers/handlers.go:85.19,94.3 4 0
github.com/darkside1809/bookings/internal/handlers/handlers.go:100.71,102.2 1 1
github.com/darkside1809/bookings/internal/handlers/handlers.go:104.69,106.2 1 1
github.com/darkside1809/bookings/internal/handlers/handlers.go:108.75,110.2 1 1
github.com/darkside1809/bookings/internal/handlers/handlers.go:112.79,116.2 3 1
github.com/darkside1809/bookings/internal/handlers/handlers.go:123.79,130.16 3 1
github.com/darkside1809/bookings/internal/handlers/handlers.go:134.2,135.14 2 1
github.com/darkside1809/bookings/internal/handlers/handlers.go:130.16,132.3 1 0
github.com/darkside1809/bookings/internal/handlers/handlers.go:138.70,140.2 1 1
github.com/darkside1809/bookings/internal/handlers/handlers.go:142.81,144.9 2 1
github.com/darkside1809/bookings/internal/handlers/handlers.go:150.2,156.4 4 0
github.com/darkside1809/bookings/internal/handlers/handlers.go:144.9,148.3 3 1
